<?xml version="1.0" encoding="UTF-8"?>
<!-- Generated by org.testng.reporters.JUnitReportReporter -->
<testsuite hostname="DESKTOP-TIU6G8I" failures="0" tests="6" name="Tests.LoginTest" time="21.160" errors="0" timestamp="2025-08-13T20:39:09 IST" skipped="0">
  <testcase classname="Tests.LoginTest" name="loginTests" time="3.331"/>
  <system-out/>
  <testcase classname="Tests.LoginTest" name="loginTests" time="3.078"/>
  <system-out/>
  <testcase classname="Tests.LoginTest" name="loginTests" time="4.610"/>
  <system-out/>
  <testcase classname="Tests.LoginTest" name="loginTests" time="3.557"/>
  <system-out/>
  <testcase classname="Tests.LoginTest" name="loginTests" time="3.471"/>
  <system-out/>
  <testcase classname="Tests.LoginTest" name="verifyLocalStorageAfterLogin" time="3.113"/>
  <system-out/>
</testsuite> <!-- Tests.LoginTest -->
