<?xml version="1.0" encoding="UTF-8"?>
<!-- Generated by org.testng.reporters.JUnitReportReporter -->
<testsuite hostname="DESKTOP-TIU6G8I" failures="0" tests="1" name="JavaCode.TestTrail.sauceDemo" time="2.490" errors="0" timestamp="2025-08-13T12:54:00 IST" skipped="0">
  <testcase classname="JavaCode.TestTrail.sauceDemo" name="AddTotal" time="2.490"/>
  <system-out/>
</testsuite> <!-- JavaCode.TestTrail.sauceDemo -->
